<?xml version="1.0" encoding="UTF-8"?>
<!-- Generated by org.testng.reporters.JUnitReportReporter -->
<testsuite hostname="LAPTOP-KBV6SF0Q" failures="0" tests="3" name="testCases.TC_002_LoginDDT" time="28.629" errors="0" timestamp="2025-06-05T17:16:26 IST" skipped="0">
  <testcase classname="testCases.TC_002_LoginDDT" name="test_loginDDT" time="5.731"/>
  <testcase classname="testCases.TC_002_LoginDDT" name="test_loginDDT" time="11.899"/>
  <testcase classname="testCases.TC_002_LoginDDT" name="test_loginDDT" time="10.999"/>
</testsuite> <!-- testCases.TC_002_LoginDDT -->
