<?xml version="1.0" encoding="UTF-8"?>
<!-- Generated by org.testng.reporters.JUnitReportReporter -->
<testsuite hostname="LAPTOP-KBV6SF0Q" failures="0" tests="1" name="testCases.TC_001_LoginTest" time="17.256" errors="0" timestamp="2025-06-05T17:19:52 IST" skipped="0">
  <testcase classname="testCases.TC_001_LoginTest" name="testLogin" time="17.256"/>
</testsuite> <!-- testCases.TC_001_LoginTest -->
